# JRE version: OpenJDK Runtime Environment AdoptOpenJDK (11.0.9.1+1) (build 11.0.9.1+1)
# Java VM: OpenJDK 64-Bit Server VM AdoptOpenJDK (11.0.9.1+1, mixed mode, tiered, compressed oops, g1 gc, windows-amd64)
Heap:
 garbage-first heap   total 157696K, used 79563K [0x0000000081e00000, 0x0000000100000000)
  region size 1024K, 65 young (66560K), 9 survivors (9216K)
 Metaspace       used 64536K, capacity 66247K, committed 66304K, reserved 1105920K
  class space    used 8264K, capacity 8915K, committed 8960K, reserved 1048576K
GC Heap History (20 events):
Event: 1.211 GC heap before
{Heap before GC invocations=2 (full 0):
 garbage-first heap   total 131072K, used 28932K [0x0000000081e00000, 0x0000000100000000)
  region size 1024K, 23 young (23552K), 1 survivors (1024K)
 Metaspace       used 11347K, capacity 11607K, committed 11648K, reserved 1060864K
  class space    used 1093K, capacity 1148K, committed 1152K, reserved 1048576K
}
Event: 1.212 GC heap after
{Heap after GC invocations=3 (full 0):
 garbage-first heap   total 131072K, used 7836K [0x0000000081e00000, 0x0000000100000000)
  region size 1024K, 1 young (1024K), 1 survivors (1024K)
 Metaspace       used 11347K, capacity 11607K, committed 11648K, reserved 1060864K
  class space    used 1093K, capacity 1148K, committed 1152K, reserved 1048576K
}
Event: 1.689 GC heap before
{Heap before GC invocations=3 (full 0):
 garbage-first heap   total 131072K, used 42652K [0x0000000081e00000, 0x0000000100000000)
  region size 1024K, 36 young (36864K), 1 survivors (1024K)
 Metaspace       used 14568K, capacity 14904K, committed 14976K, reserved 1062912K
  class space    used 1473K, capacity 1596K, committed 1664K, reserved 1048576K
}
Event: 1.692 GC heap after
{Heap after GC invocations=4 (full 0):
 garbage-first heap   total 131072K, used 8367K [0x0000000081e00000, 0x0000000100000000)
  region size 1024K, 2 young (2048K), 2 survivors (2048K)
 Metaspace       used 14568K, capacity 14904K, committed 14976K, reserved 1062912K
  class space    used 1473K, capacity 1596K, committed 1664K, reserved 1048576K
}
Event: 2.557 GC heap before
{Heap before GC invocations=4 (full 0):
 garbage-first heap   total 131072K, used 43183K [0x0000000081e00000, 0x0000000100000000)
  region size 1024K, 37 young (37888K), 2 survivors (2048K)
 Metaspace       used 20695K, capacity 21204K, committed 21248K, reserved 1069056K
  class space    used 2332K, capacity 2549K, committed 2560K, reserved 1048576K
}
Event: 2.561 GC heap after
{Heap after GC invocations=5 (full 0):
 garbage-first heap   total 131072K, used 10016K [0x0000000081e00000, 0x0000000100000000)
  region size 1024K, 3 young (3072K), 3 survivors (3072K)
 Metaspace       used 20695K, capacity 21204K, committed 21248K, reserved 1069056K
  class space    used 2332K, capacity 2549K, committed 2560K, reserved 1048576K
}
Event: 3.170 GC heap before
{Heap before GC invocations=6 (full 0):
 garbage-first heap   total 131072K, used 63264K [0x0000000081e00000, 0x0000000100000000)
  region size 1024K, 56 young (57344K), 3 survivors (3072K)
 Metaspace       used 24741K, capacity 25322K, committed 25472K, reserved 1071104K
  class space    used 2915K, capacity 3135K, committed 3200K, reserved 1048576K
}
Event: 3.175 GC heap after
{Heap after GC invocations=7 (full 0):
 garbage-first heap   total 131072K, used 11663K [0x0000000081e00000, 0x0000000100000000)
  region size 1024K, 5 young (5120K), 5 survivors (5120K)
 Metaspace       used 24741K, capacity 25322K, committed 25472K, reserved 1071104K
  class space    used 2915K, capacity 3135K, committed 3200K, reserved 1048576K
}
Event: 4.153 GC heap before
{Heap before GC invocations=7 (full 0):
 garbage-first heap   total 131072K, used 75151K [0x0000000081e00000, 0x0000000100000000)
  region size 1024K, 68 young (69632K), 5 survivors (5120K)
 Metaspace       used 29582K, capacity 30364K, committed 30464K, reserved 1075200K
  class space    used 3460K, capacity 3791K, committed 3840K, reserved 1048576K
}
Event: 4.158 GC heap after
{Heap after GC invocations=8 (full 0):
 garbage-first heap   total 131072K, used 13286K [0x0000000081e00000, 0x0000000100000000)
  region size 1024K, 7 young (7168K), 7 survivors (7168K)
 Metaspace       used 29582K, capacity 30364K, committed 30464K, reserved 1075200K
  class space    used 3460K, capacity 3791K, committed 3840K, reserved 1048576K
}
Event: 5.523 GC heap before
{Heap before GC invocations=8 (full 0):
 garbage-first heap   total 131072K, used 83942K [0x0000000081e00000, 0x0000000100000000)
  region size 1024K, 76 young (77824K), 7 survivors (7168K)
 Metaspace       used 33120K, capacity 33908K, committed 34048K, reserved 1079296K
  class space    used 3895K, capacity 4240K, committed 4352K, reserved 1048576K
}
Event: 5.530 GC heap after
{Heap after GC invocations=9 (full 0):
 garbage-first heap   total 131072K, used 15416K [0x0000000081e00000, 0x0000000100000000)
  region size 1024K, 7 young (7168K), 7 survivors (7168K)
 Metaspace       used 33120K, capacity 33908K, committed 34048K, reserved 1079296K
  class space    used 3895K, capacity 4240K, committed 4352K, reserved 1048576K
}
Event: 5.929 GC heap before
{Heap before GC invocations=9 (full 0):
 garbage-first heap   total 131072K, used 32824K [0x0000000081e00000, 0x0000000100000000)
  region size 1024K, 25 young (25600K), 7 survivors (7168K)
 Metaspace       used 34981K, capacity 35770K, committed 35840K, reserved 1081344K
  class space    used 4139K, capacity 4471K, committed 4480K, reserved 1048576K
}
Event: 5.940 GC heap after
{Heap after GC invocations=10 (full 0):
 garbage-first heap   total 157696K, used 15964K [0x0000000081e00000, 0x0000000100000000)
  region size 1024K, 6 young (6144K), 6 survivors (6144K)
 Metaspace       used 34981K, capacity 35770K, committed 35840K, reserved 1081344K
  class space    used 4139K, capacity 4471K, committed 4480K, reserved 1048576K
}
Event: 7.638 GC heap before
{Heap before GC invocations=11 (full 0):
 garbage-first heap   total 157696K, used 103004K [0x0000000081e00000, 0x0000000100000000)
  region size 1024K, 92 young (94208K), 6 survivors (6144K)
 Metaspace       used 40842K, capacity 41969K, committed 42240K, reserved 1085440K
  class space    used 4909K, capacity 5357K, committed 5376K, reserved 1048576K
}
Event: 7.645 GC heap after
{Heap after GC invocations=12 (full 0):
 garbage-first heap   total 157696K, used 19036K [0x0000000081e00000, 0x0000000100000000)
  region size 1024K, 9 young (9216K), 9 survivors (9216K)
 Metaspace       used 40842K, capacity 41969K, committed 42240K, reserved 1085440K
  class space    used 4909K, capacity 5357K, committed 5376K, reserved 1048576K
}
Event: 9.191 GC heap before
{Heap before GC invocations=12 (full 0):
 garbage-first heap   total 157696K, used 103004K [0x0000000081e00000, 0x0000000100000000)
  region size 1024K, 92 young (94208K), 9 survivors (9216K)
 Metaspace       used 46863K, capacity 48127K, committed 48256K, reserved 1091584K
  class space    used 5651K, capacity 6173K, committed 6272K, reserved 1048576K
}
Event: 9.200 GC heap after
{Heap after GC invocations=13 (full 0):
 garbage-first heap   total 157696K, used 20908K [0x0000000081e00000, 0x0000000100000000)
  region size 1024K, 7 young (7168K), 7 survivors (7168K)
 Metaspace       used 46863K, capacity 48127K, committed 48256K, reserved 1091584K
  class space    used 5651K, capacity 6173K, committed 6272K, reserved 1048576K
}
Event: 10.899 GC heap before
{Heap before GC invocations=13 (full 0):
 garbage-first heap   total 157696K, used 102828K [0x0000000081e00000, 0x0000000100000000)
  region size 1024K, 88 young (90112K), 7 survivors (7168K)
 Metaspace       used 58682K, capacity 60096K, committed 60160K, reserved 1101824K
  class space    used 7461K, capacity 8047K, committed 8064K, reserved 1048576K
}
Event: 10.909 GC heap after
{Heap after GC invocations=14 (full 0):
 garbage-first heap   total 157696K, used 23243K [0x0000000081e00000, 0x0000000100000000)
  region size 1024K, 9 young (9216K), 9 survivors (9216K)
 Metaspace       used 58682K, capacity 60096K, committed 60160K, reserved 1101824K
  class space    used 7461K, capacity 8047K, committed 8064K, reserved 1048576K
}

