# JRE version: OpenJDK Runtime Environment AdoptOpenJDK (11.0.9.1+1) (build 11.0.9.1+1)
# Java VM: OpenJDK 64-Bit Server VM AdoptOpenJDK (11.0.9.1+1, mixed mode, tiered, compressed oops, g1 gc, windows-amd64)
Heap:
 garbage-first heap   total 157696K, used 78575K [0x0000000081e00000, 0x0000000100000000)
  region size 1024K, 67 young (68608K), 9 survivors (9216K)
 Metaspace       used 47730K, capacity 49179K, committed 49408K, reserved 1091584K
  class space    used 5784K, capacity 6359K, committed 6400K, reserved 1048576K
GC Heap History (16 events):
Event: 0.480 GC heap before
{Heap before GC invocations=0 (full 0):
 garbage-first heap   total 131072K, used 14336K [0x0000000081e00000, 0x0000000100000000)
  region size 1024K, 14 young (14336K), 0 survivors (0K)
 Metaspace       used 8058K, capacity 8140K, committed 8192K, reserved 1056768K
  class space    used 723K, capacity 757K, committed 768K, reserved 1048576K
}
Event: 0.484 GC heap after
{Heap after GC invocations=1 (full 0):
 garbage-first heap   total 131072K, used 8386K [0x0000000081e00000, 0x0000000100000000)
  region size 1024K, 2 young (2048K), 2 survivors (2048K)
 Metaspace       used 8058K, capacity 8140K, committed 8192K, reserved 1056768K
  class space    used 723K, capacity 757K, committed 768K, reserved 1048576K
}
Event: 0.724 GC heap before
{Heap before GC invocations=1 (full 0):
 garbage-first heap   total 131072K, used 19650K [0x0000000081e00000, 0x0000000100000000)
  region size 1024K, 13 young (13312K), 2 survivors (2048K)
 Metaspace       used 11055K, capacity 11423K, committed 11520K, reserved 1058816K
  class space    used 1101K, capacity 1199K, committed 1280K, reserved 1048576K
}
Event: 0.727 GC heap after
{Heap after GC invocations=2 (full 0):
 garbage-first heap   total 131072K, used 8822K [0x0000000081e00000, 0x0000000100000000)
  region size 1024K, 1 young (1024K), 1 survivors (1024K)
 Metaspace       used 11055K, capacity 11423K, committed 11520K, reserved 1058816K
  class space    used 1101K, capacity 1199K, committed 1280K, reserved 1048576K
}
Event: 1.243 GC heap before
{Heap before GC invocations=2 (full 0):
 garbage-first heap   total 131072K, used 40566K [0x0000000081e00000, 0x0000000100000000)
  region size 1024K, 32 young (32768K), 1 survivors (1024K)
 Metaspace       used 17064K, capacity 17730K, committed 18048K, reserved 1064960K
  class space    used 1826K, capacity 2051K, committed 2176K, reserved 1048576K
}
Event: 1.247 GC heap after
{Heap after GC invocations=3 (full 0):
 garbage-first heap   total 131072K, used 10352K [0x0000000081e00000, 0x0000000100000000)
  region size 1024K, 3 young (3072K), 3 survivors (3072K)
 Metaspace       used 17064K, capacity 17730K, committed 18048K, reserved 1064960K
  class space    used 1826K, capacity 2051K, committed 2176K, reserved 1048576K
}
Event: 1.545 GC heap before
{Heap before GC invocations=3 (full 0):
 garbage-first heap   total 131072K, used 33904K [0x0000000081e00000, 0x0000000100000000)
  region size 1024K, 27 young (27648K), 3 survivors (3072K)
 Metaspace       used 20539K, capacity 21217K, committed 21248K, reserved 1069056K
  class space    used 2273K, capacity 2540K, committed 2560K, reserved 1048576K
}
Event: 1.549 GC heap after
{Heap after GC invocations=4 (full 0):
 garbage-first heap   total 131072K, used 11447K [0x0000000081e00000, 0x0000000100000000)
  region size 1024K, 4 young (4096K), 4 survivors (4096K)
 Metaspace       used 20539K, capacity 21217K, committed 21248K, reserved 1069056K
  class space    used 2273K, capacity 2540K, committed 2560K, reserved 1048576K
}
Event: 2.222 GC heap before
{Heap before GC invocations=5 (full 0):
 garbage-first heap   total 131072K, used 63671K [0x0000000081e00000, 0x0000000100000000)
  region size 1024K, 55 young (56320K), 4 survivors (4096K)
 Metaspace       used 27143K, capacity 28046K, committed 28288K, reserved 1073152K
  class space    used 3296K, capacity 3643K, committed 3712K, reserved 1048576K
}
Event: 2.228 GC heap after
{Heap after GC invocations=6 (full 0):
 garbage-first heap   total 157696K, used 13353K [0x0000000081e00000, 0x0000000100000000)
  region size 1024K, 6 young (6144K), 6 survivors (6144K)
 Metaspace       used 27143K, capacity 28046K, committed 28288K, reserved 1073152K
  class space    used 3296K, capacity 3643K, committed 3712K, reserved 1048576K
}
Event: 2.687 GC heap before
{Heap before GC invocations=6 (full 0):
 garbage-first heap   total 157696K, used 100393K [0x0000000081e00000, 0x0000000100000000)
  region size 1024K, 92 young (94208K), 6 survivors (6144K)
 Metaspace       used 32046K, capacity 33042K, committed 33280K, reserved 1079296K
  class space    used 3842K, capacity 4246K, committed 4352K, reserved 1048576K
}
Event: 2.694 GC heap after
{Heap after GC invocations=7 (full 0):
 garbage-first heap   total 157696K, used 15486K [0x0000000081e00000, 0x0000000100000000)
  region size 1024K, 8 young (8192K), 8 survivors (8192K)
 Metaspace       used 32046K, capacity 33042K, committed 33280K, reserved 1079296K
  class space    used 3842K, capacity 4246K, committed 4352K, reserved 1048576K
}
Event: 3.340 GC heap before
{Heap before GC invocations=7 (full 0):
 garbage-first heap   total 157696K, used 86142K [0x0000000081e00000, 0x0000000100000000)
  region size 1024K, 78 young (79872K), 8 survivors (8192K)
 Metaspace       used 34509K, capacity 35576K, committed 35840K, reserved 1081344K
  class space    used 4150K, capacity 4599K, committed 4608K, reserved 1048576K
}
Event: 3.353 GC heap after
{Heap after GC invocations=8 (full 0):
 garbage-first heap   total 157696K, used 16891K [0x0000000081e00000, 0x0000000100000000)
  region size 1024K, 7 young (7168K), 7 survivors (7168K)
 Metaspace       used 34509K, capacity 35576K, committed 35840K, reserved 1081344K
  class space    used 4150K, capacity 4599K, committed 4608K, reserved 1048576K
}
Event: 4.716 GC heap before
{Heap before GC invocations=9 (full 0):
 garbage-first heap   total 157696K, used 103931K [0x0000000081e00000, 0x0000000100000000)
  region size 1024K, 92 young (94208K), 7 survivors (7168K)
 Metaspace       used 41024K, capacity 42339K, committed 42496K, reserved 1085440K
  class space    used 5008K, capacity 5527K, committed 5632K, reserved 1048576K
}
Event: 4.724 GC heap after
{Heap after GC invocations=10 (full 0):
 garbage-first heap   total 157696K, used 20207K [0x0000000081e00000, 0x0000000100000000)
  region size 1024K, 9 young (9216K), 9 survivors (9216K)
 Metaspace       used 41024K, capacity 42339K, committed 42496K, reserved 1085440K
  class space    used 5008K, capacity 5527K, committed 5632K, reserved 1048576K
}

